<?xml version="1.0" encoding="UTF-8"?>
<testng-results ignored="0" total="1" passed="1" failed="0" skipped="0">
  <reporter-output>
  </reporter-output>
  <suite started-at="2024-10-04T15:59:46 IST" name="Default suite" finished-at="2024-10-04T15:59:58 IST" duration-ms="12595">
    <groups>
    </groups>
    <test started-at="2024-10-04T15:59:46 IST" name="Default test" finished-at="2024-10-04T15:59:58 IST" duration-ms="12595">
      <class name="Test.Drag">
        <test-method is-config="true" signature="setup()[pri:0, instance:Test.Drag@67f639d3]" started-at="2024-10-04T15:59:46 IST" name="setup" finished-at="2024-10-04T15:59:55 IST" duration-ms="9261" status="PASS">
          <reporter-output>
          </reporter-output>
        </test-method> <!-- setup -->
        <test-method signature="TestScenarioTwo()[pri:0, instance:Test.Drag@67f639d3]" started-at="2024-10-04T15:59:55 IST" name="TestScenarioTwo" finished-at="2024-10-04T15:59:58 IST" duration-ms="3258" status="PASS">
          <reporter-output>
          </reporter-output>
        </test-method> <!-- TestScenarioTwo -->
      </class> <!-- Test.Drag -->
    </test> <!-- Default test -->
  </suite> <!-- Default suite -->
</testng-results>
